<?xml version="1.0" encoding="UTF-8"?>
<testng-results ignored="0" total="1" passed="1" failed="0" skipped="0">
  <reporter-output>
  </reporter-output>
  <suite started-at="2025-08-21T18:37:07 IST" name="Automation Suite" finished-at="2025-08-21T18:37:07 IST" duration-ms="27">
    <groups>
    </groups>
    <test started-at="2025-08-21T18:37:07 IST" name="Sample Test" finished-at="2025-08-21T18:37:07 IST" duration-ms="27">
      <class name="com.automation.FirstTest">
        <test-method signature="testMethod()[pri:0, instance:com.automation.FirstTest@3c9d0b9d]" started-at="2025-08-21T18:37:07 IST" name="testMethod" finished-at="2025-08-21T18:37:07 IST" duration-ms="3" status="PASS">
          <reporter-output>
          </reporter-output>
        </test-method> <!-- testMethod -->
      </class> <!-- com.automation.FirstTest -->
    </test> <!-- Sample Test -->
  </suite> <!-- Automation Suite -->
</testng-results>
